ERROR - 2025-01-20 11:22:04 --> Error connecting to the database: mysqli_sql_exception: Nenhuma conexão pôde ser feita porque a máquina de destino as recusou ativamente in D:\xampp\htdocs\SIG_B\system\Database\MySQLi\Connection.php:186
Stack trace:
#0 D:\xampp\htdocs\SIG_B\system\Database\MySQLi\Connection.php(186): mysqli->real_connect('localhost', 'root', Object(SensitiveParameterValue), 'sig_biblioteca', 3306, '', 0)
#1 D:\xampp\htdocs\SIG_B\system\Database\BaseConnection.php(421): CodeIgniter\Database\MySQLi\Connection->connect(false)
#2 D:\xampp\htdocs\SIG_B\system\Database\BaseConnection.php(616): CodeIgniter\Database\BaseConnection->initialize()
#3 D:\xampp\htdocs\SIG_B\system\Database\BaseBuilder.php(1644): CodeIgniter\Database\BaseConnection->query('SELECT *\nFROM `...', Array, false)
#4 D:\xampp\htdocs\SIG_B\app\Models\LoginModel.php(36): CodeIgniter\Database\BaseBuilder->get()
#5 D:\xampp\htdocs\SIG_B\app\Controllers\AuthController.php(29): App\Models\LoginModel->getUserByEmail('admin@example.c...')
#6 D:\xampp\htdocs\SIG_B\system\CodeIgniter.php(933): App\Controllers\AuthController->authenticate()
#7 D:\xampp\htdocs\SIG_B\system\CodeIgniter.php(509): CodeIgniter\CodeIgniter->runController(Object(App\Controllers\AuthController))
#8 D:\xampp\htdocs\SIG_B\system\CodeIgniter.php(355): CodeIgniter\CodeIgniter->handleRequest(NULL, Object(Config\Cache), false)
#9 D:\xampp\htdocs\SIG_B\system\Boot.php(334): CodeIgniter\CodeIgniter->run()
#10 D:\xampp\htdocs\SIG_B\system\Boot.php(67): CodeIgniter\Boot::runCodeIgniter(Object(CodeIgniter\CodeIgniter))
#11 D:\xampp\htdocs\SIG_B\public\index.php(56): CodeIgniter\Boot::bootWeb(Object(Config\Paths))
#12 {main}

Next CodeIgniter\Database\Exceptions\DatabaseException: Nenhuma conexão pôde ser feita porque a máquina de destino as recusou ativamente in D:\xampp\htdocs\SIG_B\system\Database\MySQLi\Connection.php:231
Stack trace:
#0 D:\xampp\htdocs\SIG_B\system\Database\BaseConnection.php(421): CodeIgniter\Database\MySQLi\Connection->connect(false)
#1 D:\xampp\htdocs\SIG_B\system\Database\BaseConnection.php(616): CodeIgniter\Database\BaseConnection->initialize()
#2 D:\xampp\htdocs\SIG_B\system\Database\BaseBuilder.php(1644): CodeIgniter\Database\BaseConnection->query('SELECT *\nFROM `...', Array, false)
#3 D:\xampp\htdocs\SIG_B\app\Models\LoginModel.php(36): CodeIgniter\Database\BaseBuilder->get()
#4 D:\xampp\htdocs\SIG_B\app\Controllers\AuthController.php(29): App\Models\LoginModel->getUserByEmail('admin@example.c...')
#5 D:\xampp\htdocs\SIG_B\system\CodeIgniter.php(933): App\Controllers\AuthController->authenticate()
#6 D:\xampp\htdocs\SIG_B\system\CodeIgniter.php(509): CodeIgniter\CodeIgniter->runController(Object(App\Controllers\AuthController))
#7 D:\xampp\htdocs\SIG_B\system\CodeIgniter.php(355): CodeIgniter\CodeIgniter->handleRequest(NULL, Object(Config\Cache), false)
#8 D:\xampp\htdocs\SIG_B\system\Boot.php(334): CodeIgniter\CodeIgniter->run()
#9 D:\xampp\htdocs\SIG_B\system\Boot.php(67): CodeIgniter\Boot::runCodeIgniter(Object(CodeIgniter\CodeIgniter))
#10 D:\xampp\htdocs\SIG_B\public\index.php(56): CodeIgniter\Boot::bootWeb(Object(Config\Paths))
#11 {main}
CRITICAL - 2025-01-20 11:22:04 --> CodeIgniter\Database\Exceptions\DatabaseException: Unable to connect to the database.
Main connection [MySQLi]: Nenhuma conexão pôde ser feita porque a máquina de destino as recusou ativamente
[Method: POST, Route: authenticate]
in SYSTEMPATH\Database\BaseConnection.php on line 467.
 1 SYSTEMPATH\Database\BaseConnection.php(616): CodeIgniter\Database\BaseConnection->initialize()
 2 SYSTEMPATH\Database\BaseBuilder.php(1644): CodeIgniter\Database\BaseConnection->query('SELECT *
FROM `logins`
WHERE `email` = :email:', [...], false)
 3 APPPATH\Models\LoginModel.php(36): CodeIgniter\Database\BaseBuilder->get()
 4 APPPATH\Controllers\AuthController.php(29): App\Models\LoginModel->getUserByEmail('admin@example.com')
 5 SYSTEMPATH\CodeIgniter.php(933): App\Controllers\AuthController->authenticate()
 6 SYSTEMPATH\CodeIgniter.php(509): CodeIgniter\CodeIgniter->runController(Object(App\Controllers\AuthController))
 7 SYSTEMPATH\CodeIgniter.php(355): CodeIgniter\CodeIgniter->handleRequest(null, Object(Config\Cache), false)
 8 SYSTEMPATH\Boot.php(334): CodeIgniter\CodeIgniter->run()
 9 SYSTEMPATH\Boot.php(67): CodeIgniter\Boot::runCodeIgniter(Object(CodeIgniter\CodeIgniter))
10 FCPATH\index.php(56): CodeIgniter\Boot::bootWeb(Object(Config\Paths))
CRITICAL - 2025-01-20 20:45:09 --> Error: Call to undefined method App\Controllers\InicioController::respond()
[Method: GET, Route: inicio/get_logo_url]
in APPPATH\Controllers\InicioController.php on line 26.
 1 SYSTEMPATH\CodeIgniter.php(933): App\Controllers\InicioController->get_logo_url()
 2 SYSTEMPATH\CodeIgniter.php(509): CodeIgniter\CodeIgniter->runController(Object(App\Controllers\InicioController))
 3 SYSTEMPATH\CodeIgniter.php(355): CodeIgniter\CodeIgniter->handleRequest(null, Object(Config\Cache), false)
 4 SYSTEMPATH\Boot.php(334): CodeIgniter\CodeIgniter->run()
 5 SYSTEMPATH\Boot.php(67): CodeIgniter\Boot::runCodeIgniter(Object(CodeIgniter\CodeIgniter))
 6 FCPATH\index.php(56): CodeIgniter\Boot::bootWeb(Object(Config\Paths))
CRITICAL - 2025-01-20 20:45:32 --> Error: Call to undefined method App\Controllers\InicioController::respond()
[Method: GET, Route: inicio/get_logo_url]
in APPPATH\Controllers\InicioController.php on line 26.
 1 SYSTEMPATH\CodeIgniter.php(933): App\Controllers\InicioController->get_logo_url()
 2 SYSTEMPATH\CodeIgniter.php(509): CodeIgniter\CodeIgniter->runController(Object(App\Controllers\InicioController))
 3 SYSTEMPATH\CodeIgniter.php(355): CodeIgniter\CodeIgniter->handleRequest(null, Object(Config\Cache), false)
 4 SYSTEMPATH\Boot.php(334): CodeIgniter\CodeIgniter->run()
 5 SYSTEMPATH\Boot.php(67): CodeIgniter\Boot::runCodeIgniter(Object(CodeIgniter\CodeIgniter))
 6 FCPATH\index.php(56): CodeIgniter\Boot::bootWeb(Object(Config\Paths))
CRITICAL - 2025-01-20 20:46:54 --> Error: Call to undefined method App\Controllers\InicioController::respond()
[Method: GET, Route: inicio/get_logo_url]
in APPPATH\Controllers\InicioController.php on line 26.
 1 SYSTEMPATH\CodeIgniter.php(933): App\Controllers\InicioController->get_logo_url()
 2 SYSTEMPATH\CodeIgniter.php(509): CodeIgniter\CodeIgniter->runController(Object(App\Controllers\InicioController))
 3 SYSTEMPATH\CodeIgniter.php(355): CodeIgniter\CodeIgniter->handleRequest(null, Object(Config\Cache), false)
 4 SYSTEMPATH\Boot.php(334): CodeIgniter\CodeIgniter->run()
 5 SYSTEMPATH\Boot.php(67): CodeIgniter\Boot::runCodeIgniter(Object(CodeIgniter\CodeIgniter))
 6 FCPATH\index.php(56): CodeIgniter\Boot::bootWeb(Object(Config\Paths))
CRITICAL - 2025-01-20 20:49:39 --> Error: Call to undefined method App\Controllers\InicioController::respond()
[Method: GET, Route: inicio/get_logo_url]
in APPPATH\Controllers\InicioController.php on line 26.
 1 SYSTEMPATH\CodeIgniter.php(933): App\Controllers\InicioController->get_logo_url()
 2 SYSTEMPATH\CodeIgniter.php(509): CodeIgniter\CodeIgniter->runController(Object(App\Controllers\InicioController))
 3 SYSTEMPATH\CodeIgniter.php(355): CodeIgniter\CodeIgniter->handleRequest(null, Object(Config\Cache), false)
 4 SYSTEMPATH\Boot.php(334): CodeIgniter\CodeIgniter->run()
 5 SYSTEMPATH\Boot.php(67): CodeIgniter\Boot::runCodeIgniter(Object(CodeIgniter\CodeIgniter))
 6 FCPATH\index.php(56): CodeIgniter\Boot::bootWeb(Object(Config\Paths))
CRITICAL - 2025-01-20 20:49:55 --> Error: Call to undefined method App\Controllers\InicioController::respond()
[Method: GET, Route: inicio/get_logo_url]
in APPPATH\Controllers\InicioController.php on line 26.
 1 SYSTEMPATH\CodeIgniter.php(933): App\Controllers\InicioController->get_logo_url()
 2 SYSTEMPATH\CodeIgniter.php(509): CodeIgniter\CodeIgniter->runController(Object(App\Controllers\InicioController))
 3 SYSTEMPATH\CodeIgniter.php(355): CodeIgniter\CodeIgniter->handleRequest(null, Object(Config\Cache), false)
 4 SYSTEMPATH\Boot.php(334): CodeIgniter\CodeIgniter->run()
 5 SYSTEMPATH\Boot.php(67): CodeIgniter\Boot::runCodeIgniter(Object(CodeIgniter\CodeIgniter))
 6 FCPATH\index.php(56): CodeIgniter\Boot::bootWeb(Object(Config\Paths))
